INFO:sim:172 - Generating IP...
Resolving generics for 'pitch_period_table'...
Applying external generics to 'pitch_period_table'...
Delivering associated files for 'pitch_period_table'...
Delivering EJava files for 'pitch_period_table'...
Generating implementation netlist for 'pitch_period_table'...
INFO:sim - Pre-processing HDL files for 'pitch_period_table'...
Running synthesis for 'pitch_period_table'
Running ngcbuild...
Writing VEO instantiation template for 'pitch_period_table'...
Writing Verilog behavioral simulation model for 'pitch_period_table'...
WARNING:sim - Overwriting existing file
   F:/Coding/cyber_melody/ipcore_dir/tmp/_cg/pitch_period_table/doc/dist_mem_gen
   _v7_2_vinfo.html with file from view xilinx_documentation
Delivered 2 files into directory
F:/Coding/cyber_melody/ipcore_dir/tmp/_cg/pitch_period_table
Generating ASY schematic symbol...
INFO:sim:949 - Finished generation of ASY schematic symbol.
Generating SYM schematic symbol for 'pitch_period_table'...
Generating metadata file...
Generating ISE project file for 'pitch_period_table'...
Generating ISE project...
XCO file found: pitch_period_table.xco
XMDF file found: pitch_period_table_xmdf.tcl
Adding F:/Coding/cyber_melody/ipcore_dir/tmp/_cg/pitch_period_table.asy -view
all -origin_type imported
Adding F:/Coding/cyber_melody/ipcore_dir/tmp/_cg/pitch_period_table.ngc -view
all -origin_type created
Checking file "F:/Coding/cyber_melody/ipcore_dir/tmp/_cg/pitch_period_table.ngc"
for project device match ...
File "F:/Coding/cyber_melody/ipcore_dir/tmp/_cg/pitch_period_table.ngc" device
information matches project device.
Adding F:/Coding/cyber_melody/ipcore_dir/tmp/_cg/pitch_period_table.sym -view
all -origin_type imported
Adding F:/Coding/cyber_melody/ipcore_dir/tmp/_cg/pitch_period_table.v -view all
-origin_type created
INFO:HDLCompiler:1845 - Analyzing Verilog file
   "F:/Coding/cyber_melody/ipcore_dir/tmp/_cg/pitch_period_table.v" into library
   work
INFO:ProjectMgmt - Parsing design hierarchy completed successfully.
Adding F:/Coding/cyber_melody/ipcore_dir/tmp/_cg/pitch_period_table.veo -view
all -origin_type imported
INFO:TclTasksC:2116 - The automatic calculation of top has been turned-off.
   Please set the new top explicitly by running the "project set top" command.
   To re-calculate the new top automatically, set the "Auto Implementation Top"
   property to true.
Top level has been set to "/pitch_period_table"
Generating README file...
Generating FLIST file...
INFO:sim:948 - Finished FLIST file generation.
Launching README viewer...
Moving files to output directory...
Finished moving files to output directory
Wrote CGP file for project 'pitch_period_table'.
